This is pdfTeX, Version 3.141592653-2.6-1.40.27 (MiKTeX 25.4) (preloaded format=pdflatex 2025.12.11)  11 DEC 2025 16:54
entering extended mode
 restricted \write18 enabled.
 %&-line parsing enabled.
**./refman.tex
(refman.tex
LaTeX2e <2025-11-01>
L3 programming layer <2025-11-06>
(C:\Users\Damian\AppData\Local\Programs\MiKTeX\tex/generic/iftex\iftex.sty
Package: iftex 2024/12/12 v1.0g TeX engine tests
)
(C:\Users\Damian\AppData\Local\Programs\MiKTeX\tex/latex/base\book.cls
Document Class: book 2025/01/22 v1.4n Standard LaTeX document class
(C:\Users\Damian\AppData\Local\Programs\MiKTeX\tex/latex/base\bk10.clo
File: bk10.clo 2025/01/22 v1.4n Standard LaTeX file (size option)
)
\c@part=\count275
\c@chapter=\count276
\c@section=\count277
\c@subsection=\count278
\c@subsubsection=\count279
\c@paragraph=\count280
\c@subparagraph=\count281
\c@figure=\count282
\c@table=\count283
\abovecaptionskip=\skip49
\belowcaptionskip=\skip50
\bibindent=\dimen148
)
(C:\Users\Damian\AppData\Local\Programs\MiKTeX\tex/generic/infwarerr\infwarerr.
sty
package info suppressed
) (doxygen.sty
Package: doxygen 

(C:\Users\Damian\AppData\Local\Programs\MiKTeX\tex/latex/base\alltt.sty
Package: alltt 2024/07/07 v2.0g defines alltt environment
)
(C:\Users\Damian\AppData\Local\Programs\MiKTeX\tex/latex/tools\array.sty
Package: array 2025/09/25 v2.6n Tabular extension package (FMi)
\col@sep=\dimen149
\ar@mcellbox=\box53
\extrarowheight=\dimen150
\NC@list=\toks17
\extratabsurround=\skip51
\backup@length=\skip52
\ar@cellbox=\box54
)
(C:\Users\Damian\AppData\Local\Programs\MiKTeX\tex/latex/tools\calc.sty
Package: calc 2025/03/01 v4.3b Infix arithmetic (KKT,FJ)
\calc@Acount=\count284
\calc@Bcount=\count285
\calc@Adimen=\dimen151
\calc@Bdimen=\dimen152
\calc@Askip=\skip53
\calc@Bskip=\skip54
LaTeX Info: Redefining \setlength on input line 86.
LaTeX Info: Redefining \addtolength on input line 87.
\calc@Ccount=\count286
\calc@Cskip=\skip55
)
(C:\Users\Damian\AppData\Local\Programs\MiKTeX\tex/latex/float\float.sty
Package: float 2001/11/08 v1.3d Float enhancements (AL)
\c@float@type=\count287
\float@exts=\toks18
\float@box=\box55
\@float@everytoks=\toks19
\@floatcapt=\box56
)
(C:\Users\Damian\AppData\Local\Programs\MiKTeX\tex/latex/base\ifthen.sty
Package: ifthen 2024/03/16 v1.1e Standard LaTeX ifthen package (DPC)
)
(C:\Users\Damian\AppData\Local\Programs\MiKTeX\tex/latex/tools\verbatim.sty
Package: verbatim 2024-01-22 v1.5x LaTeX2e package for verbatim enhancements
\every@verbatim=\toks20
\verbatim@line=\toks21
\verbatim@in@stream=\read2
)
(C:\Users\Damian\AppData\Local\Programs\MiKTeX\tex/latex/varwidth\varwidth.sty
Package: varwidth 2009/03/30 ver 0.92;  Variable-width minipages
\@vwid@box=\box57
\sift@deathcycles=\count288
\@vwid@loff=\dimen153
\@vwid@roff=\dimen154
)
==> First Aid for varwidth.sty applied!
(C:\Users\Damian\AppData\Local\Programs\MiKTeX\tex/latex/xcolor\xcolor.sty
Package: xcolor 2024/09/29 v3.02 LaTeX color extensions (UK)

(C:\Users\Damian\AppData\Local\Programs\MiKTeX\tex/latex/graphics-cfg\color.cfg
File: color.cfg 2016/01/02 v1.6 sample color configuration
)
Package xcolor Info: Driver file: pdftex.def on input line 274.

(C:\Users\Damian\AppData\Local\Programs\MiKTeX\tex/latex/graphics-def\pdftex.de
f
File: pdftex.def 2025/09/29 v1.2d Graphics/color driver for pdftex
)
(C:\Users\Damian\AppData\Local\Programs\MiKTeX\tex/latex/graphics\mathcolor.ltx
)
Package xcolor Info: Model `cmy' substituted by `cmy0' on input line 1349.
Package xcolor Info: Model `hsb' substituted by `rgb' on input line 1353.
Package xcolor Info: Model `RGB' extended on input line 1365.
Package xcolor Info: Model `HTML' substituted by `rgb' on input line 1367.
Package xcolor Info: Model `Hsb' substituted by `hsb' on input line 1368.
Package xcolor Info: Model `tHsb' substituted by `hsb' on input line 1369.
Package xcolor Info: Model `HSB' substituted by `hsb' on input line 1370.
Package xcolor Info: Model `Gray' substituted by `gray' on input line 1371.
Package xcolor Info: Model `wave' substituted by `hsb' on input line 1372.
)
(C:\Users\Damian\AppData\Local\Programs\MiKTeX\tex/latex/colortbl\colortbl.sty
Package: colortbl 2024/10/29 v1.0k Color table columns (DPC)
\everycr=\toks22
\minrowclearance=\skip56
\rownum=\count289
) (C:\Users\Damian\AppData\Local\Programs\MiKTeX\tex/latex/tools\longtable.sty
Package: longtable 2025-10-13 v4.24 Multi-page Table package (DPC)
\LTleft=\skip57
\LTright=\skip58
\LTpre=\skip59
\LTpost=\skip60
\LTchunksize=\count290
\LTcapwidth=\dimen155
\LT@head=\box58
\LT@firsthead=\box59
\LT@foot=\box60
\LT@lastfoot=\box61
\LT@gbox=\box62
\LT@cols=\count291
\LT@rows=\count292
\c@LT@tables=\count293
\c@LT@chunks=\count294
\LT@p@ftn=\toks23
)
(C:\Users\Damian\AppData\Local\Programs\MiKTeX\tex/latex/xltabular\xltabular.st
y
Package: xltabular 2025/02/28 v0.2i `xltabular' package (hv,RN)
 (C:\Users\Damian\AppData\Local\Programs\MiKTeX\tex/latex/tools\tabularx.sty
Package: tabularx 2023/12/11 v2.12a `tabularx' package (DPC)
\TX@col@width=\dimen156
\TX@old@table=\dimen157
\TX@old@col=\dimen158
\TX@target=\dimen159
\TX@delta=\dimen160
\TX@cols=\count295
\TX@ftn=\toks24
)
(C:\Users\Damian\AppData\Local\Programs\MiKTeX\tex/latex/etoolbox\etoolbox.sty
Package: etoolbox 2025/10/02 v2.5m e-TeX tools for LaTeX (JAW)
\etb@tempcnta=\count296
) (C:\Users\Damian\AppData\Local\Programs\MiKTeX\tex/latex/ltablex\ltablex.sty
Package: ltablex 2014/08/13 v1.1 Modified tabularx
))
(C:\Users\Damian\AppData\Local\Programs\MiKTeX\tex/latex/tabularray\tabularray.
sty
Package: tabularray 2025-08-29 v2025B Typeset tabulars and arrays with LaTeX3

(C:\Users\Damian\AppData\Local\Programs\MiKTeX\tex/latex/ninecolors\ninecolors.
sty
Package: ninecolors 2022-02-13 v2022D Select colors with proper color contrast

(C:\Users\Damian\AppData\Local\Programs\MiKTeX\tex/latex/l3packages/xparse\xpar
se.sty
(C:\Users\Damian\AppData\Local\Programs\MiKTeX\tex/latex/l3kernel\expl3.sty
Package: expl3 2025-11-06 L3 programming layer (loader) 

(C:\Users\Damian\AppData\Local\Programs\MiKTeX\tex/latex/l3backend\l3backend-pd
ftex.def
File: l3backend-pdftex.def 2025-10-09 L3 backend support: PDF output (pdfTeX)
\l__color_backend_stack_int=\count297
))
Package: xparse 2025-10-09 L3 Experimental document command parser
))
\l__tblr_a_int=\count298
\l__tblr_c_int=\count299
\l__tblr_r_int=\count300
\l__tblr_d_dim=\dimen161
\l__tblr_h_dim=\dimen162
\l__tblr_o_dim=\dimen163
\l__tblr_p_dim=\dimen164
\l__tblr_q_dim=\dimen165
\l__tblr_r_dim=\dimen166
\l__tblr_s_dim=\dimen167
\l__tblr_t_dim=\dimen168
\l__tblr_v_dim=\dimen169
\l__tblr_w_dim=\dimen170
\l__tblr_a_box=\box63
\l__tblr_b_box=\box64
\l__tblr_c_box=\box65
\l__tblr_d_box=\box66
\c@tblrcount=\count301
\c@colnum=\count302
\c@rowcount=\count303
\c@colcount=\count304
\abovesep=\dimen171
\belowsep=\dimen172
\leftsep=\dimen173
\rightsep=\dimen174
\gTblrLevelInt=\count305
\g__tblr_data_row_key_count_int=\count306
\g__tblr_data_column_key_count_int=\count307
\g__tblr_data_cell_key_count_int=\count308
\g__tblr_array_int=\count309
\l__tblr_key_count_int=\count310
\l__tblr_key_quotient_int=\count311
\l__tblr_key_quotient_two_int=\count312
\l__tblr_key_remainder_int=\count313
\g__tblr_data_str_value_count_int=\count314
\lTblrChildTotalInt=\count315
\lTblrChildHtotalInt=\count316
\lTblrChildVtotalInt=\count317
\l__child_diff_h_int=\count318
\l__child_diff_v_int=\count319
\l__child_sign_h_int=\count320
\l__child_sign_v_int=\count321
\l__child_step_int=\count322
\lTblrDefaultHruleWidthDim=\dimen175
\lTblrDefaultVruleWidthDim=\dimen176
\l__tblr_split_balance_int=\count323
\l__tblr_strut_dp_dim=\dimen177
\l__tblr_strut_ht_dim=\dimen178
\g__tblr_cell_wd_dim=\dimen179
\g__tblr_cell_ht_dim=\dimen180
\g__tblr_cell_head_dim=\dimen181
\g__tblr_cell_foot_dim=\dimen182
\l__tblr_measured_cell_box=\box67
\g__tblr_last_box=\box68
\l__tblr_temp_box=\box69
\l__tblr_column_target_dim=\dimen183
\l__tblr_hfuzz_dim=\dimen184
\l__tblr_caption_box=\box70
\l__tblr_caption_left_box=\box71
\lTblrRowHeadInt=\count324
\lTblrRowFootInt=\count325
\l__tblr_row_head_box=\box72
\l__tblr_row_foot_box=\box73
\l__tblr_row_head_foot_dim=\dimen185
\lTblrTableWidthDim=\dimen186
\l__tblr_table_firsthead_box=\box74
\l__tblr_table_middlehead_box=\box75
\l__tblr_table_lasthead_box=\box76
\l__tblr_table_firstfoot_box=\box77
\l__tblr_table_middlefoot_box=\box78
\l__tblr_table_lastfoot_box=\box79
\l__tblr_remain_height_dim=\dimen187
\l__tblr_long_from_int=\count326
\l__tblr_long_to_int=\count327
\l__tblr_curr_i_int=\count328
\l__tblr_prev_i_int=\count329
\lTblrTablePageInt=\count330
\l__tblr_table_head_box=\box80
\l__tblr_table_foot_box=\box81
\l__tblr_table_head_foot_dim=\dimen188
\l__tblr_table_head_body_foot_dim=\dimen189
\l__tblr_table_box=\box82
\lTblrRowFirstInt=\count331
\lTblrRowLastInt=\count332
\l__tblr_table_hlines_box=\box83
\l__tblr_hline_box=\box84
\l__tblr_row_box=\box85
\l__tblr_col_o_wd_dim=\dimen190
\l__tblr_col_b_wd_dim=\dimen191
\l__tblr_hline_leftskip_dim=\dimen192
\l__tblr_hline_rightskip_dim=\dimen193
\l__tblr_row_ht_dim=\dimen194
\l__tblr_row_dp_dim=\dimen195
\l__tblr_row_abovesep_dim=\dimen196
\l__tblr_row_belowsep_dim=\dimen197
\l__tblr_row_vlines_box=\box86
\l__tblr_vline_box=\box87
\l__tblr_cell_box=\box88
\l__tblr_row_upper_dim=\dimen198
\l__tblr_row_lower_dim=\dimen199
\l__tblr_row_vpace_dim=\dimen256
\l__tblr_vline_aboveskip_dim=\dimen257
\l__tblr_vline_belowskip_dim=\dimen258
\lTblrCellRowSpanInt=\count333
\lTblrCellColSpanInt=\count334
\l__tblr_cell_wd_dim=\dimen259
\l__tblr_cell_ht_dim=\dimen260
\lTblrCellAboveBorderWidthDim=\dimen261
\lTblrCellBelowBorderWidthDim=\dimen262
\lTblrCellLeftBorderWidthDim=\dimen263
\lTblrCellRightBorderWidthDim=\dimen264
\l__tblr_diag_box=\box89
\l__tblr_cell_inner_wd_dim=\dimen265
\l__tblr_cell_inner_dp_dim=\dimen266
\l__tblr_cell_hanchor_dim=\dimen267
\l__tblr_last_cell_table_ht_dim=\dimen268
\l__tblr_last_cell_table_dp_dim=\dimen269
\l__tblr_last_vline_wd_dim=\dimen270
\l__tblr_tikz_node_box=\box90
)
\g__doxy_nohyper_int=\count335

(C:\Users\Damian\AppData\Local\Programs\MiKTeX\tex/latex/fancyvrb\fancyvrb.sty
Package: fancyvrb 2025/07/28 4.6 verbatim text (tvz,hv)

(C:\Users\Damian\AppData\Local\Programs\MiKTeX\tex/latex/graphics\keyval.sty
Package: keyval 2022/05/29 v1.15 key=value parser (DPC)
\KV@toks@=\toks25
)
\FV@CodeLineNo=\count336
\FV@InFile=\read3
\FV@TabBox=\box91
\c@FancyVerbLine=\count337
\FV@StepNumber=\count338
\FV@OutFile=\write3
)
(C:\Users\Damian\AppData\Local\Programs\MiKTeX\tex/latex/tools\multicol.sty
Package: multicol 2025/10/21 v2.0b multicolumn formatting (FMi)
\c@tracingmulticols=\count339
\mult@box=\box92
\multicol@leftmargin=\dimen271
\c@unbalance=\count340
\c@collectmore=\count341
\doublecol@number=\count342
\multicoltolerance=\count343
\multicolpretolerance=\count344
\full@width=\dimen272
\page@free=\dimen273
\premulticols=\dimen274
\postmulticols=\dimen275
\multicolsep=\skip61
\multicolbaselineskip=\skip62
\partial@page=\box93
\last@line=\box94
\mc@boxedresult=\box95
\maxbalancingoverflow=\dimen276
\mult@rightbox=\box96
\mult@grightbox=\box97
\mult@firstbox=\box98
\mult@gfirstbox=\box99
\@tempa=\box100
\@tempa=\box101
\@tempa=\box102
\@tempa=\box103
\@tempa=\box104
\@tempa=\box105
\@tempa=\box106
\@tempa=\box107
\@tempa=\box108
\@tempa=\box109
\@tempa=\box110
\@tempa=\box111
\@tempa=\box112
\@tempa=\box113
\@tempa=\box114
\@tempa=\box115
\@tempa=\box116
\@tempa=\box117
\@tempa=\box118
\@tempa=\box119
\@tempa=\box120
\@tempa=\box121
\@tempa=\box122
\@tempa=\box123
\@tempa=\box124
\@tempa=\box125
\@tempa=\box126
\@tempa=\box127
\@tempa=\box128
\@tempa=\box129
\@tempa=\box130
\@tempa=\box131
\@tempa=\box132
\@tempa=\box133
\@tempa=\box134
\@tempa=\box135
\c@minrows=\count345
\c@columnbadness=\count346
\c@finalcolumnbadness=\count347
\last@try=\dimen277
\multicolovershoot=\dimen278
\multicolundershoot=\dimen279
\mult@nat@firstbox=\box136
\colbreak@box=\box137
\mc@col@check@num=\count348
\g__mc_curr_col_int=\count349
)
(C:\Users\Damian\AppData\Local\Programs\MiKTeX\tex/latex/multirow\multirow.sty
Package: multirow 2024/11/12 v2.9 Span multiple rows of a table
\multirow@colwidth=\skip63
\multirow@cntb=\count350
\multirow@dima=\skip64
\bigstrutjot=\dimen280
) (C:\Users\Damian\AppData\Local\Programs\MiKTeX\tex/latex/hanging\hanging.sty
Package: hanging 2009/09/02 v1.2b hanging paragraphs and punctuation
\h@ngcommawd=\skip65
\h@ngfstopwd=\skip66
\h@ngquotewd=\skip67
\h@ngdquotewd=\skip68
\h@ngquerywd=\skip69
\h@ngexclwd=\skip70
\h@ngcolonwd=\skip71
\h@ngscolonwd=\skip72
)
(C:\Users\Damian\AppData\Local\Programs\MiKTeX\tex/generic/iftex\ifpdf.sty
Package: ifpdf 2019/10/25 v3.4 ifpdf legacy package. Use iftex instead.
)
(C:\Users\Damian\AppData\Local\Programs\MiKTeX\tex/latex/adjustbox\adjustbox.st
y
Package: adjustbox 2025/02/26 v1.3c Adjusting TeX boxes (trim, clip, ...)
 (C:\Users\Damian\AppData\Local\Programs\MiKTeX\tex/latex/xkeyval\xkeyval.sty
Package: xkeyval 2022/06/16 v2.9 package option processing (HA)

(C:\Users\Damian\AppData\Local\Programs\MiKTeX\tex/generic/xkeyval\xkeyval.tex
(C:\Users\Damian\AppData\Local\Programs\MiKTeX\tex/generic/xkeyval\xkvutils.tex
\XKV@toks=\toks26
\XKV@tempa@toks=\toks27
)
\XKV@depth=\count351
File: xkeyval.tex 2014/12/03 v2.7a key=value parser (HA)
))
(C:\Users\Damian\AppData\Local\Programs\MiKTeX\tex/latex/adjustbox\adjcalc.sty
Package: adjcalc 2012/05/16 v1.1 Provides advanced setlength with multiple back
-ends (calc, etex, pgfmath)
)
(C:\Users\Damian\AppData\Local\Programs\MiKTeX\tex/latex/adjustbox\trimclip.sty
Package: trimclip 2025/02/21 v1.2a Trim and clip general TeX material
(C:\Users\Damian\AppData\Local\Programs\MiKTeX\tex/latex/graphics\graphicx.sty
Package: graphicx 2024/12/31 v1.2e Enhanced LaTeX Graphics (DPC,SPQR)

(C:\Users\Damian\AppData\Local\Programs\MiKTeX\tex/latex/graphics\graphics.sty
Package: graphics 2024/08/06 v1.4g Standard LaTeX Graphics (DPC,SPQR)

(C:\Users\Damian\AppData\Local\Programs\MiKTeX\tex/latex/graphics\trig.sty
Package: trig 2023/12/02 v1.11 sin cos tan (DPC)
)
(C:\Users\Damian\AppData\Local\Programs\MiKTeX\tex/latex/graphics-cfg\graphics.
cfg
File: graphics.cfg 2016/06/04 v1.11 sample graphics configuration
)
Package graphics Info: Driver file: pdftex.def on input line 106.
)
\Gin@req@height=\dimen281
\Gin@req@width=\dimen282
)
(C:\Users\Damian\AppData\Local\Programs\MiKTeX\tex/latex/collectbox\collectbox.
sty
Package: collectbox 2022/10/17 v0.4c Collect macro arguments as boxes
\collectedbox=\box138
)
\tc@llx=\dimen283
\tc@lly=\dimen284
\tc@urx=\dimen285
\tc@ury=\dimen286
Package trimclip Info: Using driver 'tc-pdftex.def'.

(C:\Users\Damian\AppData\Local\Programs\MiKTeX\tex/latex/adjustbox\tc-pdftex.de
f
File: tc-pdftex.def 2025/02/26 v2.3 Clipping driver for pdftex
))
\adjbox@Width=\dimen287
\adjbox@Height=\dimen288
\adjbox@Depth=\dimen289
\adjbox@Totalheight=\dimen290
\adjbox@pwidth=\dimen291
\adjbox@pheight=\dimen292
\adjbox@pdepth=\dimen293
\adjbox@ptotalheight=\dimen294

(C:\Users\Damian\AppData\Local\Programs\MiKTeX\tex/latex/ifoddpage\ifoddpage.st
y
Package: ifoddpage 2022/10/18 v1.2 Conditionals for odd/even page detection
\c@checkoddpage=\count352
))
(C:\Users\Damian\AppData\Local\Programs\MiKTeX\tex/latex/amsfonts\amssymb.sty
Package: amssymb 2013/01/14 v3.01 AMS font symbols

(C:\Users\Damian\AppData\Local\Programs\MiKTeX\tex/latex/amsfonts\amsfonts.sty
Package: amsfonts 2013/01/14 v3.01 Basic AMSFonts support
\@emptytoks=\toks28
\symAMSa=\mathgroup4
\symAMSb=\mathgroup5
LaTeX Font Info:    Redeclaring math symbol \hbar on input line 98.
LaTeX Font Info:    Overwriting math alphabet `\mathfrak' in version `bold'
(Font)                  U/euf/m/n --> U/euf/b/n on input line 106.
))
(C:\Users\Damian\AppData\Local\Programs\MiKTeX\tex/latex/stackengine\stackengin
e.sty
Package: stackengine 2021/07/22 v4.11\ Stacking text and objects in convenient 
ways

(C:\Users\Damian\AppData\Local\Programs\MiKTeX\tex/latex/listofitems\listofitem
s.sty
(C:\Users\Damian\AppData\Local\Programs\MiKTeX\tex/generic/listofitems\listofit
ems.tex
\loi_cnt_foreach_nest=\count353
\loi_nestcnt=\count354
)
Package: listofitems 2024/03/09 v1.65 Grab items in lists using user-specified 
sep char (CT)
)
\c@@stackindex=\count355
\@boxshift=\skip73
\stack@tmplength=\skip74
\temp@stkl=\skip75
\@stackedboxwidth=\skip76
\@addedbox=\box139
\@anchorbox=\box140
\@insetbox=\box141
\se@backgroundbox=\box142
\stackedbox=\box143
\@centerbox=\box144
\c@ROWcellindex@=\count356
)
(C:\Users\Damian\AppData\Local\Programs\MiKTeX\tex/latex/enumitem\enumitem.sty
Package: enumitem 2025/02/06 v3.11 Customized lists
\labelindent=\skip77
\enit@outerparindent=\dimen295
\enit@toks=\toks29
\enit@inbox=\box145
\enit@count@id=\count357
\enitdp@description=\count358
)
(C:\Users\Damian\AppData\Local\Programs\MiKTeX\tex/generic/alphalph\alphalph.st
y
Package: alphalph 2019/12/09 v2.6 Convert numbers to letters (HO)

(C:\Users\Damian\AppData\Local\Programs\MiKTeX\tex/generic/intcalc\intcalc.sty
Package: intcalc 2019/12/15 v1.3 Expandable calculations with integers (HO)
)) (C:\Users\Damian\AppData\Local\Programs\MiKTeX\tex/latex/ulem\ulem.sty
\UL@box=\box146
\UL@hyphenbox=\box147
\UL@skip=\skip78
\UL@hook=\toks30
\UL@height=\dimen296
\UL@pe=\count359
\UL@pixel=\dimen297
\ULC@box=\box148
Package: ulem 2019/11/18
\ULdepth=\dimen298
)
\xrefbox=\box149
\xreflength=\skip79
\CodeWidthChar=\skip80
\CodeHeightChar=\skip81
\DoxyCodeWidth=\skip82
\c@DoxyEnumeratei=\count360
\c@DoxyEnumerateii=\count361
\c@DoxyEnumerateiii=\count362
\c@DoxyEnumerateiv=\count363
\c@DoxyEnumeratev=\count364
\c@DoxyEnumeratevi=\count365
\c@DoxyEnumeratevii=\count366
\c@DoxyEnumerateviii=\count367
\c@DoxyEnumerateix=\count368
\c@DoxyEnumeratex=\count369
\c@DoxyEnumeratexi=\count370
\c@DoxyEnumeratexii=\count371
\enitdp@DoxyEnumerate=\count372
\enitdp@DoxyItemize=\count373
\c@subsubsubsection=\count374
\c@subsubsubsubsection=\count375
\c@subsubsubsubsubsection=\count376
\c@subsubsubsubsubsubsection=\count377
)
(C:\Users\Damian\AppData\Local\Programs\MiKTeX\tex/latex/base\inputenc.sty
Package: inputenc 2024/02/08 v1.3d Input encoding file
\inpenc@prehook=\toks31
\inpenc@posthook=\toks32
)
(C:\Users\Damian\AppData\Local\Programs\MiKTeX\tex/latex/base\makeidx.sty
Package: makeidx 2021/10/04 v1.0m Standard LaTeX package
)
(C:\Users\Damian\AppData\Local\Programs\MiKTeX\tex/latex/base\textcomp.sty
Package: textcomp 2024/04/24 v2.1b Standard LaTeX package
)
(C:\Users\Damian\AppData\Local\Programs\MiKTeX\tex/latex/wasysym\wasysym.sty
Package: wasysym 2020/01/19 v2.4 Wasy-2 symbol support package
\symwasy=\mathgroup6
LaTeX Font Info:    Overwriting symbol font `wasy' in version `bold'
(Font)                  U/wasy/m/n --> U/wasy/b/n on input line 93.
)
(C:\Users\Damian\AppData\Local\Programs\MiKTeX\tex/generic/iftex\ifxetex.sty
Package: ifxetex 2019/10/25 v0.7 ifxetex legacy package. Use iftex instead.
)
(C:\Users\Damian\AppData\Local\Programs\MiKTeX\tex/latex/base\fontenc.sty
Package: fontenc 2025/07/18 v2.1d Standard LaTeX package
)
(C:\Users\Damian\AppData\Local\Programs\MiKTeX\tex/latex/psnfss\helvet.sty
Package: helvet 2020/03/25 PSNFSS-v9.3 (WaS) 
)
(C:\Users\Damian\AppData\Local\Programs\MiKTeX\tex/latex/psnfss\courier.sty
Package: courier 2020/03/25 PSNFSS-v9.3 (WaS) 
)
(C:\Users\Damian\AppData\Local\Programs\MiKTeX\tex/latex/geometry\geometry.sty
Package: geometry 2020/01/02 v5.9 Page Geometry

(C:\Users\Damian\AppData\Local\Programs\MiKTeX\tex/generic/iftex\ifvtex.sty
Package: ifvtex 2019/10/25 v1.7 ifvtex legacy package. Use iftex instead.
)
\Gm@cnth=\count378
\Gm@cntv=\count379
\c@Gm@tempcnt=\count380
\Gm@bindingoffset=\dimen299
\Gm@wd@mp=\dimen300
\Gm@odd@mp=\dimen301
\Gm@even@mp=\dimen302
\Gm@layoutwidth=\dimen303
\Gm@layoutheight=\dimen304
\Gm@layouthoffset=\dimen305
\Gm@layoutvoffset=\dimen306
\Gm@dimlist=\toks33

(C:\Users\Damian\AppData\Local\Programs\MiKTeX\tex/latex/geometry\geometry.cfg)
)
(C:\Users\Damian\AppData\Local\Programs\MiKTeX\tex/latex/changepage\changepage.
sty
Package: changepage 2009/10/20 v1.0c check page and change page layout
\c@cp@cntr=\count381
\cp@tempcnt=\count382
LaTeX Info: Redefining \checkoddpage on input line 59.
)
(C:\Users\Damian\AppData\Local\Programs\MiKTeX\tex/latex/fancyhdr\fancyhdr.sty
Package: fancyhdr 2025/02/07 v5.2 Extensive control of page headers and footers

\f@nch@headwidth=\skip83
\f@nch@offset@elh=\skip84
\f@nch@offset@erh=\skip85
\f@nch@offset@olh=\skip86
\f@nch@offset@orh=\skip87
\f@nch@offset@elf=\skip88
\f@nch@offset@erf=\skip89
\f@nch@offset@olf=\skip90
\f@nch@offset@orf=\skip91
\f@nch@height=\skip92
\f@nch@footalignment=\skip93
\f@nch@widthL=\skip94
\f@nch@widthC=\skip95
\f@nch@widthR=\skip96
\@temptokenb=\toks34
) (C:\Users\Damian\AppData\Local\Programs\MiKTeX\tex/latex/natbib\natbib.sty
Package: natbib 2010/09/13 8.31b (PWD, AO)
\bibhang=\skip97
\bibsep=\skip98
LaTeX Info: Redefining \cite on input line 694.
\c@NAT@ctr=\count383
)
(C:\Users\Damian\AppData\Local\Programs\MiKTeX\tex/latex/tocloft\tocloft.sty
Package: tocloft 2017/08/31 v2.3i parameterised ToC, etc., typesetting
Package tocloft Info: The document has chapter divisions on input line 51.
\cftparskip=\skip99
\cftbeforetoctitleskip=\skip100
\cftaftertoctitleskip=\skip101
\cftbeforepartskip=\skip102
\cftpartnumwidth=\skip103
\cftpartindent=\skip104
\cftbeforechapskip=\skip105
\cftchapindent=\skip106
\cftchapnumwidth=\skip107
\cftbeforesecskip=\skip108
\cftsecindent=\skip109
\cftsecnumwidth=\skip110
\cftbeforesubsecskip=\skip111
\cftsubsecindent=\skip112
\cftsubsecnumwidth=\skip113
\cftbeforesubsubsecskip=\skip114
\cftsubsubsecindent=\skip115
\cftsubsubsecnumwidth=\skip116
\cftbeforeparaskip=\skip117
\cftparaindent=\skip118
\cftparanumwidth=\skip119
\cftbeforesubparaskip=\skip120
\cftsubparaindent=\skip121
\cftsubparanumwidth=\skip122
\cftbeforeloftitleskip=\skip123
\cftafterloftitleskip=\skip124
\cftbeforefigskip=\skip125
\cftfigindent=\skip126
\cftfignumwidth=\skip127
\c@lofdepth=\count384
\c@lotdepth=\count385
\cftbeforelottitleskip=\skip128
\cftafterlottitleskip=\skip129
\cftbeforetabskip=\skip130
\cfttabindent=\skip131
\cfttabnumwidth=\skip132
)
\@indexfile=\write4
\openout4 = `refman.idx'.


Writing index file refman.idx

(C:\Users\Damian\AppData\Local\Programs\MiKTeX\tex/latex/newunicodechar\newunic
odechar.sty
Package: newunicodechar 2018/04/08 v1.2 Defining Unicode characters
)
(C:\Users\Damian\AppData\Local\Programs\MiKTeX\tex/latex/hyperref\hyperref.sty
Package: hyperref 2025-07-12 v7.01o Hypertext links for LaTeX

(C:\Users\Damian\AppData\Local\Programs\MiKTeX\tex/latex/kvsetkeys\kvsetkeys.st
y
Package: kvsetkeys 2022-10-05 v1.19 Key value parser (HO)
)
(C:\Users\Damian\AppData\Local\Programs\MiKTeX\tex/generic/kvdefinekeys\kvdefin
ekeys.sty
Package: kvdefinekeys 2019-12-19 v1.6 Define keys (HO)
)
(C:\Users\Damian\AppData\Local\Programs\MiKTeX\tex/generic/pdfescape\pdfescape.
sty
Package: pdfescape 2019/12/09 v1.15 Implements pdfTeX's escape features (HO)

(C:\Users\Damian\AppData\Local\Programs\MiKTeX\tex/generic/ltxcmds\ltxcmds.sty
Package: ltxcmds 2023-12-04 v1.26 LaTeX kernel commands for general use (HO)
)
(C:\Users\Damian\AppData\Local\Programs\MiKTeX\tex/generic/pdftexcmds\pdftexcmd
s.sty
Package: pdftexcmds 2020-06-27 v0.33 Utility functions of pdfTeX for LuaTeX (HO
)
Package pdftexcmds Info: \pdf@primitive is available.
Package pdftexcmds Info: \pdf@ifprimitive is available.
Package pdftexcmds Info: \pdfdraftmode found.
))
(C:\Users\Damian\AppData\Local\Programs\MiKTeX\tex/latex/hycolor\hycolor.sty
Package: hycolor 2020-01-27 v1.10 Color options for hyperref/bookmark (HO)
)
(C:\Users\Damian\AppData\Local\Programs\MiKTeX\tex/latex/hyperref\nameref.sty
Package: nameref 2025-06-21 v2.57 Cross-referencing by name of section

(C:\Users\Damian\AppData\Local\Programs\MiKTeX\tex/latex/refcount\refcount.sty
Package: refcount 2019/12/15 v3.6 Data extraction from label references (HO)
)
(C:\Users\Damian\AppData\Local\Programs\MiKTeX\tex/generic/gettitlestring\getti
tlestring.sty
Package: gettitlestring 2019/12/15 v1.6 Cleanup title references (HO)

(C:\Users\Damian\AppData\Local\Programs\MiKTeX\tex/latex/kvoptions\kvoptions.st
y
Package: kvoptions 2022-06-15 v3.15 Key value format for package options (HO)
))
\c@section@level=\count386
)
(C:\Users\Damian\AppData\Local\Programs\MiKTeX\tex/generic/stringenc\stringenc.
sty
Package: stringenc 2019/11/29 v1.12 Convert strings between diff. encodings (HO
)
)
\@linkdim=\dimen307
\Hy@linkcounter=\count387
\Hy@pagecounter=\count388

(C:\Users\Damian\AppData\Local\Programs\MiKTeX\tex/latex/hyperref\pd1enc.def
File: pd1enc.def 2025-07-12 v7.01o Hyperref: PDFDocEncoding definition (HO)
Now handling font encoding PD1 ...
... no UTF-8 mapping file for font encoding PD1
)
\Hy@SavedSpaceFactor=\count389

(C:\Users\Damian\AppData\Local\Programs\MiKTeX\tex/latex/hyperref\puenc.def
File: puenc.def 2025-07-12 v7.01o Hyperref: PDF Unicode definition (HO)
Now handling font encoding PU ...
... no UTF-8 mapping file for font encoding PU
)
Package hyperref Info: Hyper figures OFF on input line 4195.
Package hyperref Info: Link nesting OFF on input line 4200.
Package hyperref Info: Hyper index ON on input line 4203.
Package hyperref Info: Plain pages OFF on input line 4210.
Package hyperref Info: Backreferencing ON on input line 4213.
Package hyperref Info: Implicit mode ON; LaTeX internals redefined.
Package hyperref Info: Bookmarks ON on input line 4462.

(C:\Users\Damian\AppData\Local\Programs\MiKTeX\tex/latex/hyperref\backref.sty
Package: backref 2025-06-21 v1.45 Bibliographical back referencing

(C:\Users\Damian\AppData\Local\Programs\MiKTeX\tex/latex/rerunfilecheck\rerunfi
lecheck.sty
Package: rerunfilecheck 2025-06-21 v1.11 Rerun checks for auxiliary files (HO)

(C:\Users\Damian\AppData\Local\Programs\MiKTeX\tex/generic/uniquecounter\unique
counter.sty
Package: uniquecounter 2019/12/15 v1.4 Provide unlimited unique counter (HO)

(C:\Users\Damian\AppData\Local\Programs\MiKTeX\tex/generic/bigintcalc\bigintcal
c.sty
Package: bigintcalc 2019/12/15 v1.5 Expandable calculations on big integers (HO
)
))
Package uniquecounter Info: New unique counter `rerunfilecheck' on input line 2
84.
))
\c@Hy@tempcnt=\count390
 (C:\Users\Damian\AppData\Local\Programs\MiKTeX\tex/latex/url\url.sty
\Urlmuskip=\muskip17
Package: url 2013/09/16  ver 3.4  Verb mode for urls, etc.
)
LaTeX Info: Redefining \url on input line 4801.
\XeTeXLinkMargin=\dimen308
(C:\Users\Damian\AppData\Local\Programs\MiKTeX\tex/generic/bitset\bitset.sty
Package: bitset 2019/12/09 v1.3 Handle bit-vector datatype (HO)
)
\Fld@menulength=\count391
\Field@Width=\dimen309
\Fld@charsize=\dimen310
Package hyperref Info: Hyper figures OFF on input line 6078.
Package hyperref Info: Link nesting OFF on input line 6083.
Package hyperref Info: Hyper index ON on input line 6086.
Package hyperref Info: backreferencing ON on input line 6091.
Package hyperref Info: Link coloring OFF on input line 6098.
Package hyperref Info: Link coloring with OCG OFF on input line 6103.
Package hyperref Info: PDF/A mode OFF on input line 6108.
\Hy@abspage=\count392
\c@Item=\count393
\c@Hfootnote=\count394
)
Package hyperref Info: Driver: hpdftex.

(C:\Users\Damian\AppData\Local\Programs\MiKTeX\tex/latex/hyperref\hpdftex.def
File: hpdftex.def 2025-07-12 v7.01o Hyperref driver for pdfTeX
\Fld@listcount=\count395
\c@bookmark@seq@number=\count396
\Hy@SectionHShift=\skip133
)
Package hyperref Info: Option `colorlinks' set `true' on input line 179.
Package hyperref Info: Option `unicode' set `true' on input line 179.

(C:\Users\Damian\AppData\Local\Programs\MiKTeX\tex/latex/caption\caption.sty
Package: caption 2023/08/05 v3.6o Customizing captions (AR)

(C:\Users\Damian\AppData\Local\Programs\MiKTeX\tex/latex/caption\caption3.sty
Package: caption3 2023/07/31 v2.4d caption3 kernel (AR)
\caption@tempdima=\dimen311
\captionmargin=\dimen312
\caption@leftmargin=\dimen313
\caption@rightmargin=\dimen314
\caption@width=\dimen315
\caption@indent=\dimen316
\caption@parindent=\dimen317
\caption@hangindent=\dimen318
Package caption Info: Standard document class detected.
)
\c@caption@flags=\count397
\c@continuedfloat=\count398
Package caption Info: changepage package is loaded.
\caption@adjustwidth@hsize=\dimen319
\caption@adjustwidth@linewidth=\dimen320
Package caption Info: float package is loaded.
Package caption Info: hyperref package is loaded.
Package caption Info: longtable package is loaded.

(C:\Users\Damian\AppData\Local\Programs\MiKTeX\tex/latex/caption\ltcaption.sty
Package: ltcaption 2021/01/08 v1.4c longtable captions (AR)
)) (C:\Users\Damian\AppData\Local\Programs\MiKTeX\tex/latex/etoc\etoc.sty
Package: etoc 2023/10/29 v1.2d Completely customisable TOCs (JFB)
\Etoc@toctoks=\toks35
\c@etoc@tocid=\count399
\etoc@framed@titlebox=\box150
\etoc@framed@contentsbox=\box151
)
LaTeX Font Info:    Trying to load font information for T1+phv on input line 20
1.

(C:\Users\Damian\AppData\Local\Programs\MiKTeX\tex/latex/psnfss\t1phv.fd
File: t1phv.fd 2020/03/25 scalable font definitions for T1/phv.
)
LaTeX Font Info:    Font shape `T1/phv/m/n' will be
(Font)              scaled to size 8.99994pt on input line 201.

No file refman.aux.
\openout1 = `refman.aux'.

LaTeX Font Info:    Checking defaults for OML/cmm/m/it on input line 201.
LaTeX Font Info:    ... okay on input line 201.
LaTeX Font Info:    Checking defaults for OMS/cmsy/m/n on input line 201.
LaTeX Font Info:    ... okay on input line 201.
LaTeX Font Info:    Checking defaults for OT1/cmr/m/n on input line 201.
LaTeX Font Info:    ... okay on input line 201.
LaTeX Font Info:    Checking defaults for T1/cmr/m/n on input line 201.
LaTeX Font Info:    ... okay on input line 201.
LaTeX Font Info:    Checking defaults for TS1/cmr/m/n on input line 201.
LaTeX Font Info:    ... okay on input line 201.
LaTeX Font Info:    Checking defaults for OMX/cmex/m/n on input line 201.
LaTeX Font Info:    ... okay on input line 201.
LaTeX Font Info:    Checking defaults for U/cmr/m/n on input line 201.
LaTeX Font Info:    ... okay on input line 201.
LaTeX Font Info:    Checking defaults for PD1/pdf/m/n on input line 201.
LaTeX Font Info:    ... okay on input line 201.
LaTeX Font Info:    Checking defaults for PU/pdf/m/n on input line 201.
LaTeX Font Info:    ... okay on input line 201.

(C:\Users\Damian\AppData\Local\Programs\MiKTeX\tex/context/base/mkii\supp-pdf.m
kii
[Loading MPS to PDF converter (version 2006.09.02).]
\scratchcounter=\count400
\scratchdimen=\dimen321
\scratchbox=\box152
\nofMPsegments=\count401
\nofMParguments=\count402
\everyMPshowfont=\toks36
\MPscratchCnt=\count403
\MPscratchDim=\dimen322
\MPnumerator=\count404
\makeMPintoPDFobject=\count405
\everyMPtoPDFconversion=\toks37
)
(C:\Users\Damian\AppData\Local\Programs\MiKTeX\tex/latex/epstopdf-pkg\epstopdf-
base.sty
Package: epstopdf-base 2020-01-24 v2.11 Base part for package epstopdf
Package epstopdf-base Info: Redefining graphics rule for `.eps' on input line 4
85.

(C:\Users\Damian\AppData\Local\Programs\MiKTeX\tex/latex/00miktex\epstopdf-sys.
cfg
File: epstopdf-sys.cfg 2021/03/18 v2.0 Configuration of epstopdf for MiKTeX
))
*geometry* driver: auto-detecting
*geometry* detected driver: pdftex
*geometry* verbose mode - [ preamble ] result:
* driver: pdftex
* paper: a4paper
* layout: <same size as paper>
* layoutoffset:(h,v)=(0.0pt,0.0pt)
* modes: twoside 
* h-part:(L,W,R)=(71.13188pt, 455.24411pt, 71.13188pt)
* v-part:(T,H,B)=(71.13188pt, 702.78308pt, 71.13188pt)
* \paperwidth=597.50787pt
* \paperheight=845.04684pt
* \textwidth=455.24411pt
* \textheight=702.78308pt
* \oddsidemargin=-1.1381pt
* \evensidemargin=-1.1381pt
* \topmargin=-31.2056pt
* \headheight=12.0pt
* \headsep=18.06749pt
* \topskip=10.0pt
* \footskip=25.29494pt
* \marginparwidth=125.0pt
* \marginparsep=7.0pt
* \columnsep=10.0pt
* \skip\footins=9.0pt plus 4.0pt minus 2.0pt
* \hoffset=0.0pt
* \voffset=0.0pt
* \mag=1000
* \@twocolumnfalse
* \@twosidetrue
* \@mparswitchtrue
* \@reversemarginfalse
* (1in=72.27pt=25.4mm, 1cm=28.453pt)

Package backref Info: ** backref set up for natbib ** on input line 201.
Package hyperref Info: Link coloring ON on input line 201.
\@outlinefile=\write5
\openout5 = `refman.out'.

Package caption Info: Begin \AtBeginDocument code.
Package caption Info: End \AtBeginDocument code.
No file refman.toc.
Package hyperref Info: Option `pageanchor' set `false' on input line 209.
Package hyperref Info: Option `bookmarksnumbered' set `true' on input line 209.

Package hyperref Info: Option `unicode' set `true' on input line 209.
LaTeX Font Info:    Font shape `T1/phv/m/n' will be
(Font)              scaled to size 12.9599pt on input line 214.
LaTeX Font Info:    Font shape `T1/phv/m/n' will be
(Font)              scaled to size 10.79993pt on input line 216.
[1


{C:/Users/Damian/AppData/Local/MiKTeX/fonts/map/pdftex/pdftex.map}{C:/Users/Dam
ian/AppData/Local/Programs/MiKTeX/fonts/enc/dvips/base/8r.enc}] [2

]
\tf@toc=\write6
\openout6 = `refman.toc'.

Package hyperref Info: Option `pageanchor' set `true' on input line 225.

(md__r_e_a_d_m_e.tex
Chapter 1.
LaTeX Font Info:    Font shape `T1/phv/m/n' will be
(Font)              scaled to size 18.66588pt on input line 1.
LaTeX Font Info:    Font shape `T1/phv/b/n' will be
(Font)              scaled to size 18.66588pt on input line 1.
LaTeX Font Info:    Font shape `T1/phv/b/n' will be
(Font)              scaled to size 22.39185pt on input line 1.
LaTeX Font Info:    Font shape `T1/phv/b/n' will be
(Font)              scaled to size 6.29996pt on input line 1.
LaTeX Font Info:    Trying to load font information for U+msa on input line 1.
(C:\Users\Damian\AppData\Local\Programs\MiKTeX\tex/latex/amsfonts\umsa.fd
File: umsa.fd 2013/01/14 v3.01 AMS symbols A
)
LaTeX Font Info:    Trying to load font information for U+msb on input line 1.

(C:\Users\Damian\AppData\Local\Programs\MiKTeX\tex/latex/amsfonts\umsb.fd
File: umsb.fd 2013/01/14 v3.01 AMS symbols B
)
LaTeX Font Info:    Trying to load font information for U+wasy on input line 1.


(C:\Users\Damian\AppData\Local\Programs\MiKTeX\tex/latex/wasysym\uwasy.fd
File: uwasy.fd 2020/01/19 v2.4 Wasy-2 symbol font definitions
))
LaTeX Font Info:    Font shape `T1/phv/b/n' will be
(Font)              scaled to size 8.99994pt on input line 228.

[1


] [2

]
Chapter 2.
(topics.tex
LaTeX Font Info:    Font shape `T1/phv/b/n' will be
(Font)              scaled to size 12.9599pt on input line 1.
LaTeX Font Info:    Font shape `T1/phv/m/n' will be
(Font)              scaled to size 6.29996pt on input line 2.


LaTeX Warning: Reference `group___c_o_n_t_r_o_l' on page 3 undefined on input l
ine 3.


LaTeX Warning: Reference `group___c_o_m_m_s___m_q_t_t' on page 3 undefined on i
nput line 4.


LaTeX Warning: Reference `group___r_t_o_s___t_a_s_k_s' on page 3 undefined on i
nput line 5.

) [3] [4

]
Chapter 3.
(dirs.tex

LaTeX Warning: Reference `dir_68267d1309a1af8e8297ef4c3efbcdba' on page 5 undef
ined on input line 3.


LaTeX Warning: Reference `_actuador_8ino' on page 5 undefined on input line 5.

) [5] [6

]
Chapter 4.
(files.tex

LaTeX Warning: Reference `_actuador_8ino' on page 7 undefined on input line 3.

) [7] [8

]
Chapter 5.
(group___c_o_n_t_r_o_l.tex
LaTeX Font Info:    Trying to load font information for TS1+phv on input line 1
1.

(C:\Users\Damian\AppData\Local\Programs\MiKTeX\tex/latex/psnfss\ts1phv.fd
File: ts1phv.fd 2020/03/25 scalable font definitions for TS1/phv.
)
LaTeX Font Info:    Font shape `TS1/phv/m/n' will be
(Font)              scaled to size 8.99994pt on input line 11.
LaTeX Font Info:    Font shape `T1/phv/m/n' will be
(Font)              scaled to size 8.09995pt on input line 12.
LaTeX Font Info:    Font shape `T1/phv/m/it' in size <9> not available
(Font)              Font shape `T1/phv/m/sl' tried instead on input line 12.
LaTeX Font Info:    Font shape `T1/phv/m/sl' will be
(Font)              scaled to size 8.09995pt on input line 12.

[9]
LaTeX Font Info:    Font shape `T1/phv/b/n' will be
(Font)              scaled to size 10.79993pt on input line 50.
LaTeX Font Info:    Font shape `T1/phv/m/n' will be
(Font)              scaled to size 7.19995pt on input line 66.
LaTeX Font Info:    Trying to load font information for T1+pcr on input line 66
.
 (C:\Users\Damian\AppData\Local\Programs\MiKTeX\tex/latex/psnfss\t1pcr.fd
File: t1pcr.fd 2001/06/04 font definitions for T1/pcr.
) <./group___c_o_n_t_r_o_l_gaa9efa0560459f02fc6aba6ef5902edf6_cgraph.pdf>
<group___c_o_n_t_r_o_l_gaa9efa0560459f02fc6aba6ef5902edf6_cgraph.pdf, id=102, 2
80.04625pt x 138.5175pt>
File: group___c_o_n_t_r_o_l_gaa9efa0560459f02fc6aba6ef5902edf6_cgraph.pdf Graph
ic file (type pdf)
<use group___c_o_n_t_r_o_l_gaa9efa0560459f02fc6aba6ef5902edf6_cgraph.pdf>
Package pdftex.def Info: group___c_o_n_t_r_o_l_gaa9efa0560459f02fc6aba6ef5902ed
f6_cgraph.pdf  used on input line 86.
(pdftex.def)             Requested size: 279.0pt x 138.00565pt.
 <./group___c_o_n_t_r_o_l_gaa9efa0560459f02fc6aba6ef5902edf6_icgraph.pdf>
<group___c_o_n_t_r_o_l_gaa9efa0560459f02fc6aba6ef5902edf6_icgraph.pdf, id=110, 
333.245pt x 100.375pt>
File: group___c_o_n_t_r_o_l_gaa9efa0560459f02fc6aba6ef5902edf6_icgraph.pdf Grap
hic file (type pdf)
<use group___c_o_n_t_r_o_l_gaa9efa0560459f02fc6aba6ef5902edf6_icgraph.pdf>
Package pdftex.def Info: group___c_o_n_t_r_o_l_gaa9efa0560459f02fc6aba6ef5902ed
f6_icgraph.pdf  used on input line 94.
(pdftex.def)             Requested size: 332.0pt x 100.00716pt.
 [10]
LaTeX Font Info:    Font shape `T1/phv/bc/n' will be
(Font)              scaled to size 8.99994pt on input line 114.

Underfull \hbox (badness 10000) detected at line 114
[][][]
 []

 <./group___c_o_n_t_r_o_l_ga30aef7aa41c94e63722977e5c4fb9633_icgraph.pdf>
<group___c_o_n_t_r_o_l_ga30aef7aa41c94e63722977e5c4fb9633_icgraph.pdf, id=137, 
272.01625pt x 100.375pt>
File: group___c_o_n_t_r_o_l_ga30aef7aa41c94e63722977e5c4fb9633_icgraph.pdf Grap
hic file (type pdf)
<use group___c_o_n_t_r_o_l_ga30aef7aa41c94e63722977e5c4fb9633_icgraph.pdf>
Package pdftex.def Info: group___c_o_n_t_r_o_l_ga30aef7aa41c94e63722977e5c4fb96
33_icgraph.pdf  used on input line 126.
(pdftex.def)             Requested size: 271.0pt x 100.00562pt.
LaTeX Font Info:    Font shape `T1/pcr/m/it' in size <8> not available
(Font)              Font shape `T1/pcr/m/sl' tried instead on input line 133.

[11]
LaTeX Font Info:    Font shape `T1/phv/m/it' in size <10> not available
(Font)              Font shape `T1/phv/m/sl' tried instead on input line 143.
LaTeX Font Info:    Font shape `T1/phv/m/sl' will be
(Font)              scaled to size 8.99994pt on input line 143.

Underfull \hbox (badness 10000) detected at line 144
[][][]
 []

 <./group___c_o_n_t_r_o_l_ga925c721eb55d9682fef06252d112dcd2_icgraph.pdf>
<group___c_o_n_t_r_o_l_ga925c721eb55d9682fef06252d112dcd2_icgraph.pdf, id=157, 
456.70625pt x 119.44624pt>
File: group___c_o_n_t_r_o_l_ga925c721eb55d9682fef06252d112dcd2_icgraph.pdf Grap
hic file (type pdf)
<use group___c_o_n_t_r_o_l_ga925c721eb55d9682fef06252d112dcd2_icgraph.pdf>
Package pdftex.def Info: group___c_o_n_t_r_o_l_ga925c721eb55d9682fef06252d112dc
d2_icgraph.pdf  used on input line 152.
(pdftex.def)             Requested size: 350.0pt x 91.54192pt.
 <./group___c_o_n_t_r_o_l_gacea260ba8426e8c1691a1c2e0a1061c7_icgraph.pdf>
<group___c_o_n_t_r_o_l_gacea260ba8426e8c1691a1c2e0a1061c7_icgraph.pdf, id=166, 
461.725pt x 119.44624pt>
File: group___c_o_n_t_r_o_l_gacea260ba8426e8c1691a1c2e0a1061c7_icgraph.pdf Grap
hic file (type pdf)
<use group___c_o_n_t_r_o_l_gacea260ba8426e8c1691a1c2e0a1061c7_icgraph.pdf>
Package pdftex.def Info: group___c_o_n_t_r_o_l_gacea260ba8426e8c1691a1c2e0a1061
c7_icgraph.pdf  used on input line 180.
(pdftex.def)             Requested size: 350.0pt x 90.54314pt.
 [12]
Underfull \hbox (badness 10000) detected at line 246
[][][]
 []

[13]
Underfull \hbox (badness 10000) detected at line 319
[][][]
 []

[14]
Underfull \hbox (badness 10000) detected at line 334
[][][]
 []

) (group___c_o_m_m_s___m_q_t_t.tex
LaTeX Font Info:    Font shape `T1/phv/m/it' in size <7> not available
(Font)              Font shape `T1/phv/m/sl' tried instead on input line 14.
LaTeX Font Info:    Font shape `T1/phv/m/sl' will be
(Font)              scaled to size 6.29996pt on input line 14.
 <./group___c_o_m_m_s___m_q_t_t_ga0a5b11ce031fde6b1147647ff4387307_icgraph.pdf>
<group___c_o_m_m_s___m_q_t_t_ga0a5b11ce031fde6b1147647ff4387307_icgraph.pdf, id
=223, 298.11375pt x 176.66pt>
File: group___c_o_m_m_s___m_q_t_t_ga0a5b11ce031fde6b1147647ff4387307_icgraph.pd
f Graphic file (type pdf)
<use group___c_o_m_m_s___m_q_t_t_ga0a5b11ce031fde6b1147647ff4387307_icgraph.pdf
>
Package pdftex.def Info: group___c_o_m_m_s___m_q_t_t_ga0a5b11ce031fde6b1147647f
f4387307_icgraph.pdf  used on input line 47.
(pdftex.def)             Requested size: 297.0pt x 176.00992pt.
 [15]
Underfull \hbox (badness 10000) detected at line 82
[][][]
 []

 <./group___c_o_m_m_s___m_q_t_t_ga220b4d4869da7bcb2cbcd53a15114e4a_cgraph.pdf>
<group___c_o_m_m_s___m_q_t_t_ga220b4d4869da7bcb2cbcd53a15114e4a_cgraph.pdf, id=
245, 244.915pt x 138.5175pt>
File: group___c_o_m_m_s___m_q_t_t_ga220b4d4869da7bcb2cbcd53a15114e4a_cgraph.pdf
 Graphic file (type pdf)
<use group___c_o_m_m_s___m_q_t_t_ga220b4d4869da7bcb2cbcd53a15114e4a_cgraph.pdf>

Package pdftex.def Info: group___c_o_m_m_s___m_q_t_t_ga220b4d4869da7bcb2cbcd53a
15114e4a_cgraph.pdf  used on input line 90.
(pdftex.def)             Requested size: 244.0pt x 138.00354pt.

[16] <./group___c_o_m_m_s___m_q_t_t_ga220b4d4869da7bcb2cbcd53a15114e4a_icgraph.
pdf>
<group___c_o_m_m_s___m_q_t_t_ga220b4d4869da7bcb2cbcd53a15114e4a_icgraph.pdf, id
=263, 216.81pt x 100.375pt>
File: group___c_o_m_m_s___m_q_t_t_ga220b4d4869da7bcb2cbcd53a15114e4a_icgraph.pd
f Graphic file (type pdf)
<use group___c_o_m_m_s___m_q_t_t_ga220b4d4869da7bcb2cbcd53a15114e4a_icgraph.pdf
>
Package pdftex.def Info: group___c_o_m_m_s___m_q_t_t_ga220b4d4869da7bcb2cbcd53a
15114e4a_icgraph.pdf  used on input line 98.
(pdftex.def)             Requested size: 216.0pt x 100.00562pt.
) (group___r_t_o_s___t_a_s_k_s.tex [17]
Underfull \hbox (badness 10000) detected at line 65
[][][]
 []

 <./group___r_t_o_s___t_a_s_k_s_gab5ce0b7cdd97cf9ef50fbe8d77d1096b_cgraph.pdf>
<group___r_t_o_s___t_a_s_k_s_gab5ce0b7cdd97cf9ef50fbe8d77d1096b_cgraph.pdf, id=
297, 385.44pt x 195.73125pt>
File: group___r_t_o_s___t_a_s_k_s_gab5ce0b7cdd97cf9ef50fbe8d77d1096b_cgraph.pdf
 Graphic file (type pdf)
<use group___r_t_o_s___t_a_s_k_s_gab5ce0b7cdd97cf9ef50fbe8d77d1096b_cgraph.pdf>

Package pdftex.def Info: group___r_t_o_s___t_a_s_k_s_gab5ce0b7cdd97cf9ef50fbe8d
77d1096b_cgraph.pdf  used on input line 73.
(pdftex.def)             Requested size: 350.0pt x 177.73341pt.

[18] <./group___r_t_o_s___t_a_s_k_s_gab5ce0b7cdd97cf9ef50fbe8d77d1096b_icgraph.
pdf>
<group___r_t_o_s___t_a_s_k_s_gab5ce0b7cdd97cf9ef50fbe8d77d1096b_icgraph.pdf, id
=314, 225.84375pt x 100.375pt>
File: group___r_t_o_s___t_a_s_k_s_gab5ce0b7cdd97cf9ef50fbe8d77d1096b_icgraph.pd
f Graphic file (type pdf)
<use group___r_t_o_s___t_a_s_k_s_gab5ce0b7cdd97cf9ef50fbe8d77d1096b_icgraph.pdf
>
Package pdftex.def Info: group___r_t_o_s___t_a_s_k_s_gab5ce0b7cdd97cf9ef50fbe8d
77d1096b_icgraph.pdf  used on input line 81.
(pdftex.def)             Requested size: 225.0pt x 100.00562pt.
 [19]
Underfull \hbox (badness 10000) detected at line 109
[][][]
 []

 <./group___r_t_o_s___t_a_s_k_s_ga4fc01d736fe50cf5b977f755b675f11d_cgraph.pdf>
<group___r_t_o_s___t_a_s_k_s_ga4fc01d736fe50cf5b977f755b675f11d_cgraph.pdf, id=
332, 507.8975pt x 293.095pt>
File: group___r_t_o_s___t_a_s_k_s_ga4fc01d736fe50cf5b977f755b675f11d_cgraph.pdf
 Graphic file (type pdf)
<use group___r_t_o_s___t_a_s_k_s_ga4fc01d736fe50cf5b977f755b675f11d_cgraph.pdf>

Package pdftex.def Info: group___r_t_o_s___t_a_s_k_s_ga4fc01d736fe50cf5b977f755
b675f11d_cgraph.pdf  used on input line 117.
(pdftex.def)             Requested size: 350.0pt x 201.98083pt.
) [20]
Chapter 6.
(dir_68267d1309a1af8e8297ef4c3efbcdba.tex) [21

] [22

]
Chapter 7.
(_r_e_a_d_m_e_8md.tex) (_actuador_8ino.tex <./_actuador_8ino__incl.pdf>
<_actuador_8ino__incl.pdf, id=359, 466.74374pt x 156.585pt>
File: _actuador_8ino__incl.pdf Graphic file (type pdf)
<use _actuador_8ino__incl.pdf>
Package pdftex.def Info: _actuador_8ino__incl.pdf  used on input line 13.
(pdftex.def)             Requested size: 350.0pt x 117.42412pt.

[23] [24]
Underfull \hbox (badness 10000) detected at line 98
[][][]
 []


Underfull \hbox (badness 10000) detected at line 135
[][][]
 []

 <./_actuador_8ino_a2b36dbe561f0416b5a525fcf0e51fa76_icgraph.pdf>
<_actuador_8ino_a2b36dbe561f0416b5a525fcf0e51fa76_icgraph.pdf, id=418, 331.2375
pt x 176.66pt>
File: _actuador_8ino_a2b36dbe561f0416b5a525fcf0e51fa76_icgraph.pdf Graphic file
 (type pdf)
<use _actuador_8ino_a2b36dbe561f0416b5a525fcf0e51fa76_icgraph.pdf>
Package pdftex.def Info: _actuador_8ino_a2b36dbe561f0416b5a525fcf0e51fa76_icgra
ph.pdf  used on input line 143.
(pdftex.def)             Requested size: 330.0pt x 176.00722pt.
 [25])
[26]
No file refman.ind.
(refman.aux)
 ***********
LaTeX2e <2025-11-01>
L3 programming layer <2025-11-06>
 ***********


LaTeX Warning: There were undefined references.


LaTeX Warning: Label(s) may have changed. Rerun to get cross-references right.


Package rerunfilecheck Warning: File `refman.out' has changed.
(rerunfilecheck)                Rerun to get outlines right
(rerunfilecheck)                or use package `bookmark'.

Package rerunfilecheck Info: Checksums for `refman.out':
(rerunfilecheck)             Before: <no file>
(rerunfilecheck)             After:  4BBB026C7471A3894036B206286ABC5F;9520.
 ) 
Here is how much of TeX's memory you used:
 20589 strings out of 467871
 371647 string characters out of 5417891
 800100 words of memory out of 5000000
 48971 multiletter control sequences out of 15000+600000
 679954 words of font info for 105 fonts, out of 8000000 for 9000
 1141 hyphenation exceptions out of 8191
 103i,15n,117p,1505b,1000s stack positions out of 10000i,1000n,20000p,200000b,200000s
<C:/Users/Damian/AppData/Local/Programs/MiKTeX/fonts/type1/public/amsfonts/cm
/cmmi10.pfb><C:/Users/Damian/AppData/Local/Programs/MiKTeX/fonts/type1/public/a
msfonts/cm/cmr10.pfb><C:/Users/Damian/AppData/Local/Programs/MiKTeX/fonts/type1
/public/amsfonts/cm/cmsy10.pfb><C:/Users/Damian/AppData/Local/Programs/MiKTeX/f
onts/type1/public/amsfonts/cm/cmsy8.pfb><C:/Users/Damian/AppData/Local/Programs
/MiKTeX/fonts/type1/urw/courier/ucrr8a.pfb><C:/Users/Damian/AppData/Local/Progr
ams/MiKTeX/fonts/type1/urw/courier/ucrro8a.pfb><C:/Users/Damian/AppData/Local/P
rograms/MiKTeX/fonts/type1/urw/helvetic/uhvb8a.pfb><C:/Users/Damian/AppData/Loc
al/Programs/MiKTeX/fonts/type1/urw/helvetic/uhvb8ac.pfb><C:/Users/Damian/AppDat
a/Local/Programs/MiKTeX/fonts/type1/urw/helvetic/uhvr8a.pfb><C:/Users/Damian/Ap
pData/Local/Programs/MiKTeX/fonts/type1/urw/helvetic/uhvro8a.pfb>
Output written on refman.pdf (28 pages, 384801 bytes).
PDF statistics:
 521 PDF objects out of 1000 (max. 8388607)
 150 named destinations out of 1000 (max. 500000)
 66 words of extra memory for PDF output out of 10000 (max. 10000000)

